<?xml version="1.0" encoding="UTF-8"?>
<testsuite name="pl.prokodzik.hays.DataStructurizerTest" tests="4" skipped="0" failures="0" errors="0" timestamp="2021-03-12T21:07:21" hostname="DESKTOP-HOME" time="0.022">
  <properties/>
  <testcase name="should_split_evenly_even_more_complex()" classname="pl.prokodzik.hays.DataStructurizerTest" time="0.016"/>
  <testcase name="should_split_evenly()" classname="pl.prokodzik.hays.DataStructurizerTest" time="0.0"/>
  <testcase name="should_split_evenly_reverse_order()" classname="pl.prokodzik.hays.DataStructurizerTest" time="0.002"/>
  <testcase name="should_work_the_same_using_primitives()" classname="pl.prokodzik.hays.DataStructurizerTest" time="0.001"/>
  <system-out><![CDATA[]]></system-out>
  <system-err><![CDATA[]]></system-err>
</testsuite>
